0 info it worked if it ends with ok
1 verbose cli [ 'C:\\Program Files\\nodejs\\node.exe',
1 verbose cli   'C:\\Users\\rdl27\\AppData\\Roaming\\npm\\node_modules\\npm\\bin\\npm-cli.js',
1 verbose cli   'start' ]
2 info using npm@3.8.7
3 info using node@v7.5.0
4 verbose run-script [ 'prestart', 'start', 'poststart' ]
5 info lifecycle dev_starter@1.0.0~prestart: dev_starter@1.0.0
6 silly lifecycle dev_starter@1.0.0~prestart: no script for prestart, continuing
7 info lifecycle dev_starter@1.0.0~start: dev_starter@1.0.0
8 verbose lifecycle dev_starter@1.0.0~start: unsafe-perm in lifecycle true
9 verbose lifecycle dev_starter@1.0.0~start: PATH: C:\Users\rdl27\AppData\Roaming\npm\node_modules\npm\bin\node-gyp-bin;C:\Users\rdl27\Documents\My Web Sites\dev_starter\node_modules\.bin;C:\Program Files\nodejs;C:\Program Files\avs\bin;C:\Ruby23-x64\bin;C:\ProgramData\Oracle\Java\javapath;%APPDATA%\npm\node_modules;C:\Ruby22\bin;C:\Ruby193\bin;C:\Program Files (x86)\Intel\iCLS Client\;C:\Program Files\Intel\iCLS Client\;C:\Windows\system32;C:\Windows;C:\Windows\System32\Wbem;C:\Windows\System32\WindowsPowerShell\v1.0\;C:\Program Files\Intel\Intel(R) Management Engine Components\DAL;C:\Program Files\Intel\Intel(R) Management Engine Components\IPT;C:\Program Files (x86)\Intel\Intel(R) Management Engine Components\DAL;C:\Program Files (x86)\Intel\Intel(R) Management Engine Components\IPT;C:\Program Files\Intel\WiFi\bin\;C:\Program Files\Common Files\Intel\WirelessCommon\;C:\Program Files\Dell\Dell Data Protection\Drivers\TSS\bin\;C:\Program Files\Microsoft\Web Platform Installer\;C:\Program Files\Microsoft SQL Server\Client SDK\ODBC\110\Tools\Binn\;C:\Program Files (x86)\Microsoft SQL Server\120\Tools\Binn\;C:\Program Files\Microsoft SQL Server\120\Tools\Binn\;C:\Program Files\Microsoft SQL Server\120\DTS\Binn\;C:\Program Files (x86)\Microsoft SQL Server\120\Tools\Binn\ManagementStudio\;C:\Program Files (x86)\Microsoft SQL Server\120\DTS\Binn\;C:\Program Files\Microsoft SQL Server\110\Tools\Binn\;C:\Program Files (x86)\Git\cmd;C:\Users\rdl27\AppData\Roaming\npm;C:\Windows\System32\WindowsPowerShell\v1.0\;C:\Program Files (x86)\QuickTime\QTSystem\;C:\Program Files\Microsoft SQL Server\130\Tools\Binn\;C:\Windows\System32\WindowsPowerShell\v1.0\;C:\ProgramData\chocolatey\bin;C:\Program Files\dotnet\;C:\Program Files (x86)\Brackets\command;C:\Program Files\nodejs\;C:\Program Files\Git\cmd;C:\Program Files (x86)\Skype\Phone\;C:\Program Files (x86)\Yarn\bin;C:\Users\rdl27\AppData\Local\atom\bin;C:\Program Files (x86)\Microsoft VS Code\bin;C:\Users\rdl27\AppData\Roaming\npm;C:\Program Files\Heroku\bin;C:\Users\rdl27\AppData\Local\Box\Box Edit\;C:\Users\rdl27\AppData\Local\learn_ide\bin;C:\Users\rdl27\AppData\Local\Yarn\bin
10 verbose lifecycle dev_starter@1.0.0~start: CWD: C:\Users\rdl27\Documents\My Web Sites\dev_starter
11 silly lifecycle dev_starter@1.0.0~start: Args: [ '/d /s /c', 'webpack-dev-server --open' ]
12 silly lifecycle dev_starter@1.0.0~start: Returned: code: 1  signal: null
13 info lifecycle dev_starter@1.0.0~start: Failed to exec start script
14 verbose stack Error: dev_starter@1.0.0 start: `webpack-dev-server --open`
14 verbose stack Exit status 1
14 verbose stack     at EventEmitter.<anonymous> (C:\Users\rdl27\AppData\Roaming\npm\node_modules\npm\lib\utils\lifecycle.js:244:16)
14 verbose stack     at emitTwo (events.js:106:13)
14 verbose stack     at EventEmitter.emit (events.js:192:7)
14 verbose stack     at ChildProcess.<anonymous> (C:\Users\rdl27\AppData\Roaming\npm\node_modules\npm\lib\utils\spawn.js:24:14)
14 verbose stack     at emitTwo (events.js:106:13)
14 verbose stack     at ChildProcess.emit (events.js:192:7)
14 verbose stack     at maybeClose (internal/child_process.js:890:16)
14 verbose stack     at Process.ChildProcess._handle.onexit (internal/child_process.js:226:5)
15 verbose pkgid dev_starter@1.0.0
16 verbose cwd C:\Users\rdl27\Documents\My Web Sites\dev_starter
17 error Windows_NT 6.1.7601
18 error argv "C:\\Program Files\\nodejs\\node.exe" "C:\\Users\\rdl27\\AppData\\Roaming\\npm\\node_modules\\npm\\bin\\npm-cli.js" "start"
19 error node v7.5.0
20 error npm  v3.8.7
21 error code ELIFECYCLE
22 error dev_starter@1.0.0 start: `webpack-dev-server --open`
22 error Exit status 1
23 error Failed at the dev_starter@1.0.0 start script 'webpack-dev-server --open'.
23 error Make sure you have the latest version of node.js and npm installed.
23 error If you do, this is most likely a problem with the dev_starter package,
23 error not with npm itself.
23 error Tell the author that this fails on your system:
23 error     webpack-dev-server --open
23 error You can get information on how to open an issue for this project with:
23 error     npm bugs dev_starter
23 error Or if that isn't available, you can get their info via:
23 error     npm owner ls dev_starter
23 error There is likely additional logging output above.
24 verbose exit [ 1, true ]
